<?xml version="1.0" encoding="UTF-8"?>
<testng-results skipped="0" failed="0" ignored="0" total="1" passed="1">
  <reporter-output>
  </reporter-output>
  <suite name="Default suite" duration-ms="34831" started-at="2020-04-05T07:03:50Z" finished-at="2020-04-05T07:04:25Z">
    <groups>
      <group name="cucumber">
        <method signature="TestRunner.feature(cucumber.api.testng.CucumberFeatureWrapper)[pri:0, instance:MyRunner.TestRunner@589838eb]" name="feature" class="MyRunner.TestRunner"/>
      </group> <!-- cucumber -->
    </groups>
    <test name="Default test" duration-ms="34831" started-at="2020-04-05T07:03:50Z" finished-at="2020-04-05T07:04:25Z">
      <class name="MyRunner.TestRunner">
        <test-method status="PASS" signature="setUpClass()[pri:0, instance:MyRunner.TestRunner@589838eb]" name="setUpClass" is-config="true" duration-ms="736" started-at="2020-04-05T12:33:50Z" finished-at="2020-04-05T12:33:51Z">
          <reporter-output>
          </reporter-output>
        </test-method> <!-- setUpClass -->
        <test-method status="PASS" signature="feature(cucumber.api.testng.CucumberFeatureWrapper)[pri:0, instance:MyRunner.TestRunner@589838eb]" name="feature" duration-ms="33784" started-at="2020-04-05T12:33:51Z" description="Runs Cucumber Feature" data-provider="features" finished-at="2020-04-05T12:34:25Z">
          <params>
            <param index="0">
              <value>
                <![CDATA[Free CRM Login Feature]]>
              </value>
            </param>
          </params>
          <reporter-output>
          </reporter-output>
        </test-method> <!-- feature -->
        <test-method status="PASS" signature="tearDownClass()[pri:0, instance:MyRunner.TestRunner@589838eb]" name="tearDownClass" is-config="true" duration-ms="22" started-at="2020-04-05T12:34:25Z" finished-at="2020-04-05T12:34:25Z">
          <reporter-output>
          </reporter-output>
        </test-method> <!-- tearDownClass -->
      </class> <!-- MyRunner.TestRunner -->
    </test> <!-- Default test -->
  </suite> <!-- Default suite -->
</testng-results>
